app/build/outputs/logs/manifest-merger-debug-report.txt
-- Merging decision tree log ---
manifest
ADDED from src\main\AndroidManifest.xml:2:1-20:12
INJECTED from src\main\AndroidManifest.xml:2:1-20:12
INJECTED from src\main\AndroidManifest.xml:2:1-20:12
INJECTED from src\main\AndroidManifest.xml:2:1-20:12
MERGED from [com.android.support.constraint:constraint-layout:1.0.2] AndroidManifest.xml:2:1-11:12
INJECTED from src\main\AndroidManifest.xml:2:1-20:12
INJECTED from src\main\AndroidManifest.xml:2:1-20:12
INJECTED from src\main\AndroidManifest.xml:2:1-20:12
	package
		ADDED from src\main\AndroidManifest.xml:3:7-23
		INJECTED from src\main\AndroidManifest.xml
		INJECTED from src\main\AndroidManifest.xml
	android:versionName
		ADDED from src\main\AndroidManifest.xml:5:7-32
		INJECTED from src\main\AndroidManifest.xml
		INJECTED from src\main\AndroidManifest.xml
	xmlns:android
		ADDED from src\main\AndroidManifest.xml:2:11-69
	android:versionCode
		ADDED from src\main\AndroidManifest.xml:4:7-30
		INJECTED from src\main\AndroidManifest.xml
		INJECTED from src\main\AndroidManifest.xml
uses-permission#com.emp.READ
ADDED from src\main\AndroidManifest.xml:7:5-52
	android:name
		ADDED from src\main\AndroidManifest.xml:7:22-49
uses-permission#com.emp.WRITE
ADDED from src\main\AndroidManifest.xml:8:5-53
	android:name
		ADDED from src\main\AndroidManifest.xml:8:22-50
application
ADDED from src\main\AndroidManifest.xml:10:5-18:19
MERGED from [com.android.support.constraint:constraint-layout:1.0.2] AndroidManifest.xml:9:5-20
MERGED from [com.android.support.constraint:constraint-layout:1.0.2] AndroidManifest.xml:9:5-20
	android:label
		ADDED from src\main\AndroidManifest.xml:10:48-80
	android:icon
		ADDED from src\main\AndroidManifest.xml:10:18-47
activity#com.db.SQLiteDemo
ADDED from src\main\AndroidManifest.xml:11:9-17:20
	android:label
		ADDED from src\main\AndroidManifest.xml:12:19-51
	android:name
		ADDED from src\main\AndroidManifest.xml:11:19-45
intent-filter#action:name:android.intent.action.MAIN+category:name:android.intent.category.LAUNCHER
ADDED from src\main\AndroidManifest.xml:13:13-16:29
action#android.intent.action.MAIN
ADDED from src\main\AndroidManifest.xml:14:17-69
	android:name
		ADDED from src\main\AndroidManifest.xml:14:25-66
category#android.intent.category.LAUNCHER
ADDED from src\main\AndroidManifest.xml:15:17-77
	android:name
		ADDED from src\main\AndroidManifest.xml:15:27-74
uses-sdk
ADDED from src\main\AndroidManifest.xml:19:5-43
INJECTED from src\main\AndroidManifest.xml:19:5-43
INJECTED from src\main\AndroidManifest.xml:19:5-43
MERGED from [com.android.support.constraint:constraint-layout:1.0.2] AndroidManifest.xml:5:5-7:41
MERGED from [com.android.support.constraint:constraint-layout:1.0.2] AndroidManifest.xml:5:5-7:41
INJECTED from src\main\AndroidManifest.xml:19:5-43
INJECTED from src\main\AndroidManifest.xml:19:5-43
	android:targetSdkVersion
		INJECTED from src\main\AndroidManifest.xml
		ADDED from src\main\AndroidManifest.xml:19:5-43
		INJECTED from src\main\AndroidManifest.xml
	android:minSdkVersion
		ADDED from src\main\AndroidManifest.xml:19:15-40
		INJECTED from src\main\AndroidManifest.xml
		INJECTED from src\main\AndroidManifest.xml